Arguments: 
  D:\DevTools\Nodejs\node.exe D:\DevTools\yarn\bin\yarn.js add @types/bignumber -D

PATH: 
  D:\VMware\bin\;C:\WINDOWS\system32;C:\WINDOWS;C:\WINDOWS\System32\Wbem;C:\WINDOWS\System32\WindowsPowerShell\v1.0\;C:\WINDOWS\System32\OpenSSH\;D:\DevTools\yarn\bin\;D:\AppSet\;D:\DevTools\Nodejs\;D:\DevTools\Git\cmd;C:\Users\Administrator\AppData\Local\Microsoft\WindowsApps;;D:\DevTools\Microsoft VS Code\bin;C:\Users\Administrator\AppData\Local\Yarn\bin;C:\Users\Administrator\AppData\Roaming\npm

Yarn version: 
  1.22.5

Node version: 
  14.17.0

Platform: 
  win32 x64

Trace: 
  Error: https://registry.npmjs.org/@types%2fbignumber: Not found
      at Request.params.callback [as _callback] (D:\DevTools\yarn\lib\cli.js:66097:18)
      at Request.self.callback (D:\DevTools\yarn\lib\cli.js:140749:22)
      at Request.emit (events.js:376:20)
      at Request.<anonymous> (D:\DevTools\yarn\lib\cli.js:141721:10)
      at Request.emit (events.js:376:20)
      at IncomingMessage.<anonymous> (D:\DevTools\yarn\lib\cli.js:141643:12)
      at Object.onceWrapper (events.js:482:28)
      at IncomingMessage.emit (events.js:388:22)
      at endReadableNT (internal/streams/readable.js:1336:12)
      at processTicksAndRejections (internal/process/task_queues.js:82:21)

npm manifest: 
  {
    "name": "wei-caculate",
    "version": "1.0.0",
    "description": "test",
    "main": "index.ts",
    "scripts": {
      "test": "echo \"Error: no test specified\" && exit 1"
    },
    "keywords": [
      "wei",
      "web3",
      "wei-caculate",
      "bignumber"
    ],
    "repository": {
      "type": "git",
      "url": "https://github.com/XuMinhui"
    },
    "author": "Homie_Xu",
    "license": "ISC",
    "dependencies": {
      "bignumber": "^1.1.0"
    }
  }

yarn manifest: 
  No manifest

Lockfile: 
  # THIS IS AN AUTOGENERATED FILE. DO NOT EDIT THIS FILE DIRECTLY.
  # yarn lockfile v1
  
  
  bignumber@^1.1.0:
    version "1.1.0"
    resolved "https://registry.yarnpkg.com/bignumber/-/bignumber-1.1.0.tgz#e6ab0a743da5f3ea018e5c17597d121f7868c159"
    integrity sha1-5qsKdD2l8+oBjlwXWX0SH3howVk=
